#
# A fatal error has been detected by the Java Runtime Environment:
#
#  EXCEPTION_ACCESS_VIOLATION (0xc0000005) at pc=0x00007ffd55dde2ca, pid=4340, tid=13232
#
# JRE version: Java(TM) SE Runtime Environment (8.0_73-b02) (build 1.8.0_73-b02)
# Java VM: Java HotSpot(TM) 64-Bit Server VM (25.73-b02 mixed mode windows-amd64 compressed oops)
# Problematic frame:
# C  [lwjgl_opengl.dll+0xe2ca]
#
# Failed to write core dump. Minidumps are not enabled by default on client versions of Windows
#
# If you would like to submit a bug report, please visit:
#   http://bugreport.java.com/bugreport/crash.jsp
# The crash happened outside the Java Virtual Machine in native code.
# See problematic frame for where to report the bug.
#

---------------  T H R E A D  ---------------

Current thread (0x00000000009be000):  JavaThread "main" [_thread_in_native, id=13232, stack(0x0000000002100000,0x0000000002200000)]

siginfo: ExceptionCode=0xc0000005, reading address 0x0000000000000be0

Registers:
RAX=0x00000000652d6d40, RBX=0x0000000016b28cc0, RCX=0x0000000000000be2, RDX=0x0000000000000000
RSP=0x00000000021ff3b8, RBP=0x00000000021ff428, RSI=0x00000000000003b0, RDI=0x0000000002387ced
R8 =0x0000000000000be2, R9 =0x00000000009b7b80, R10=0x00000000023957c8, R11=0x0000000064d69530
R12=0x0000000000000000, R13=0x0000000016b28cc0, R14=0x00000000021ff448, R15=0x00000000009be000
RIP=0x00007ffd55dde2ca, EFLAGS=0x0000000000010206

Top of Stack: (sp=0x00000000021ff3b8)
0x00000000021ff3b8:   00000000023957f4 00000000009be000
0x00000000021ff3c8:   0000000016b28cc0 00000000000003b0
0x00000000021ff3d8:   00000000009be000 0000000002395522
0x00000000021ff3e8:   00000000021ff3e8 0000000016b28cc0
0x00000000021ff3f8:   00000000021ff448 0000000016b55690
0x00000000021ff408:   0000000000000000 0000000016b28cc0
0x00000000021ff418:   0000000000000000 00000000021ff448
0x00000000021ff428:   00000000021ff490 0000000002387ced
0x00000000021ff438:   00000000d6467a90 000000000238f978
0x00000000021ff448:   0000000000000be2 00000000021ff450
0x00000000021ff458:   0000000016b28d59 00000000021ff4a0
0x00000000021ff468:   0000000016b55690 0000000000000000
0x00000000021ff478:   0000000016b28d78 00000000021ff448
0x00000000021ff488:   00000000021ff4a0 00000000021ff4e8
0x00000000021ff498:   0000000002387ced 0000000000000be2
0x00000000021ff4a8:   00000000021ff4a8 0000000016a65f45 

Instructions: (pc=0x00007ffd55dde2ca)
0x00007ffd55dde2aa:   28 49 8b d1 48 8b 48 18 48 8b 81 e0 19 00 00 41
0x00007ffd55dde2ba:   8b ca 48 ff e0 cc 48 8b 01 41 8b c8 48 8b 50 18
0x00007ffd55dde2ca:   48 ff a2 e0 0b 00 00 cc cc cc cc cc cc cc cc cc
0x00007ffd55dde2da:   cc cc cc cc cc cc 48 8b 01 41 8b c8 48 8b 50 18 


Register to memory mapping:

RAX=0x00000000652d6d40 is an unknown value
RBX={method} {0x0000000016b28cc8} 'nglEnable' '(I)V' in 'org/lwjgl/opengl/GL11'
RCX=0x0000000000000be2 is an unknown value
RDX=0x0000000000000000 is an unknown value
RSP=0x00000000021ff3b8 is pointing into the stack for thread: 0x00000000009be000
RBP=0x00000000021ff428 is pointing into the stack for thread: 0x00000000009be000
RSI=0x00000000000003b0 is an unknown value
RDI=0x0000000002387ced is at code_begin+2093 in an Interpreter codelet
invoke return entry points  [0x00000000023874c0, 0x0000000002387dc0]  2304 bytes
R8 =0x0000000000000be2 is an unknown value
R9 =0x00000000009b7b80 is an unknown value
R10=0x00000000023957c8 is at code_begin+840 in an Interpreter codelet
method entry point (kind = native)  [0x0000000002395480, 0x0000000002395de0]  2400 bytes
R11=0x0000000064d69530 is an unknown value
R12=0x0000000000000000 is an unknown value
R13={method} {0x0000000016b28cc8} 'nglEnable' '(I)V' in 'org/lwjgl/opengl/GL11'
R14=0x00000000021ff448 is pointing into the stack for thread: 0x00000000009be000
R15=0x00000000009be000 is a thread


Stack: [0x0000000002100000,0x0000000002200000],  sp=0x00000000021ff3b8,  free space=1020k
Native frames: (J=compiled Java code, j=interpreted, Vv=VM code, C=native code)
C  [lwjgl_opengl.dll+0xe2ca]

Java frames: (J=compiled Java code, j=interpreted, Vv=VM code)
j  org.lwjgl.opengl.GL11.nglEnable(I)V+0
j  org.lwjgl.opengl.GL11.glEnable(I)V+1
j  backends.opengl.GLRenderingBackend.createDisplay(Lengine/Settings;)V+205
j  engine.Engine.run()V+8
j  test.TestApplication.main([Ljava/lang/String;)V+354
v  ~StubRoutines::call_stub

---------------  P R O C E S S  ---------------

Java Threads: ( => current thread )
  0x0000000018887000 JavaThread "Service Thread" daemon [_thread_blocked, id=15244, stack(0x0000000018c50000,0x0000000018d50000)]
  0x0000000016f11800 JavaThread "C1 CompilerThread2" daemon [_thread_blocked, id=13540, stack(0x0000000018750000,0x0000000018850000)]
  0x0000000016f06800 JavaThread "C2 CompilerThread1" daemon [_thread_blocked, id=748, stack(0x0000000018650000,0x0000000018750000)]
  0x0000000016eff000 JavaThread "C2 CompilerThread0" daemon [_thread_blocked, id=8924, stack(0x0000000018550000,0x0000000018650000)]
  0x0000000016efe000 JavaThread "Attach Listener" daemon [_thread_blocked, id=12296, stack(0x0000000018450000,0x0000000018550000)]
  0x0000000016efd000 JavaThread "Signal Dispatcher" daemon [_thread_blocked, id=12480, stack(0x0000000018350000,0x0000000018450000)]
  0x0000000002377000 JavaThread "Finalizer" daemon [_thread_blocked, id=2756, stack(0x0000000018160000,0x0000000018260000)]
  0x000000000236e000 JavaThread "Reference Handler" daemon [_thread_blocked, id=13008, stack(0x0000000018060000,0x0000000018160000)]
=>0x00000000009be000 JavaThread "main" [_thread_in_native, id=13232, stack(0x0000000002100000,0x0000000002200000)]

Other Threads:
  0x0000000016ec7800 VMThread [stack: 0x0000000017f60000,0x0000000018060000] [id=9980]
  0x0000000018892000 WatcherThread [stack: 0x0000000018d50000,0x0000000018e50000] [id=6948]

VM state:not at safepoint (normal execution)

VM Mutex/Monitor currently owned by a thread: None

Heap:
 PSYoungGen      total 38400K, used 9510K [0x00000000d5b80000, 0x00000000d8600000, 0x0000000100000000)
  eden space 33280K, 28% used [0x00000000d5b80000,0x00000000d64c9b18,0x00000000d7c00000)
  from space 5120K, 0% used [0x00000000d8100000,0x00000000d8100000,0x00000000d8600000)
  to   space 5120K, 0% used [0x00000000d7c00000,0x00000000d7c00000,0x00000000d8100000)
 ParOldGen       total 87552K, used 0K [0x0000000081200000, 0x0000000086780000, 0x00000000d5b80000)
  object space 87552K, 0% used [0x0000000081200000,0x0000000081200000,0x0000000086780000)
 Metaspace       used 6792K, capacity 6962K, committed 7168K, reserved 1056768K
  class space    used 643K, capacity 700K, committed 768K, reserved 1048576K

Card table byte_map: [0x0000000011740000,0x0000000011b40000] byte_map_base: 0x0000000011337000

Marking Bits: (ParMarkBitMap*) 0x0000000065350600
 Begin Bits: [0x00000000121f0000, 0x00000000141a8000)
 End Bits:   [0x00000000141a8000, 0x0000000016160000)

Polling page: 0x0000000000990000

CodeCache: size=245760Kb used=2375Kb max_used=2375Kb free=243384Kb
 bounds [0x0000000002380000, 0x00000000025f0000, 0x0000000011380000]
 total_blobs=1229 nmethods=486 adapters=657
 compilation: enabled

Compilation events (10 events):
Event: 0.862 Thread 0x0000000016f11800  478       3       java.util.regex.Pattern$Node::match (27 bytes)
Event: 0.862 Thread 0x0000000016f11800 nmethod 478 0x00000000025d0490 code [0x00000000025d0600, 0x00000000025d07b0]
Event: 0.864 Thread 0x0000000016f11800  483       3       java.util.ArrayList::add (29 bytes)
Event: 0.864 Thread 0x0000000016f11800 nmethod 483 0x00000000025d0ad0 code [0x00000000025d0c60, 0x00000000025d1168]
Event: 0.865 Thread 0x0000000016f11800  484       3       sun.misc.URLClassPath::access$100 (7 bytes)
Event: 0.865 Thread 0x0000000016f11800 nmethod 484 0x00000000025d1390 code [0x00000000025d1500, 0x00000000025d1668]
Event: 0.865 Thread 0x0000000016f11800  485  s    3       sun.misc.PerfCounter::add (18 bytes)
Event: 0.866 Thread 0x0000000016f11800 nmethod 485 0x00000000025d1750 code [0x00000000025d18e0, 0x00000000025d1f38]
Event: 0.866 Thread 0x0000000016f11800  486  s    3       sun.misc.PerfCounter::get (9 bytes)
Event: 0.866 Thread 0x0000000016f11800 nmethod 486 0x00000000025d2190 code [0x00000000025d2300, 0x00000000025d2688]

GC Heap History (0 events):
No events

Deoptimization events (1 events):
Event: 0.364 Thread 0x00000000009be000 Uncommon trap: reason=unstable_if action=reinterpret pc=0x0000000002522844 method=java.lang.String.indexOf([CII[CIII)I @ 134

Internal exceptions (10 events):
Event: 0.176 Thread 0x00000000009be000 Exception <a 'java/security/PrivilegedActionException'> (0x00000000d5de96f8) thrown at [D:\re\puppet\workspace\8-2-build-windows-amd64-cygwin\jdk8u73\6086\hotspot\src\share\vm\prims\jvm.cpp, line 1386]
Event: 0.176 Thread 0x00000000009be000 Exception <a 'java/security/PrivilegedActionException'> (0x00000000d5de9908) thrown at [D:\re\puppet\workspace\8-2-build-windows-amd64-cygwin\jdk8u73\6086\hotspot\src\share\vm\prims\jvm.cpp, line 1386]
Event: 0.295 Thread 0x00000000009be000 Exception <a 'java/lang/NoSuchFieldError': method resolution failed> (0x00000000d607f9a8) thrown at [D:\re\puppet\workspace\8-2-build-windows-amd64-cygwin\jdk8u73\6086\hotspot\src\share\vm\prims\methodHandles.cpp, line 1146]
Event: 0.297 Thread 0x00000000009be000 Exception <a 'java/lang/NoSuchFieldError': method resolution failed> (0x00000000d608cd28) thrown at [D:\re\puppet\workspace\8-2-build-windows-amd64-cygwin\jdk8u73\6086\hotspot\src\share\vm\prims\methodHandles.cpp, line 1146]
Event: 0.863 Thread 0x00000000009be000 Exception <a 'sun/nio/fs/WindowsException'> (0x00000000d649b118) thrown at [D:\re\puppet\workspace\8-2-build-windows-amd64-cygwin\jdk8u73\6086\hotspot\src\share\vm\prims\jni.cpp, line 709]
Event: 0.863 Thread 0x00000000009be000 Exception <a 'sun/nio/fs/WindowsException'> (0x00000000d649b948) thrown at [D:\re\puppet\workspace\8-2-build-windows-amd64-cygwin\jdk8u73\6086\hotspot\src\share\vm\prims\jni.cpp, line 709]
Event: 0.864 Thread 0x00000000009be000 Exception <a 'sun/nio/fs/WindowsException'> (0x00000000d649dca0) thrown at [D:\re\puppet\workspace\8-2-build-windows-amd64-cygwin\jdk8u73\6086\hotspot\src\share\vm\prims\jni.cpp, line 709]
Event: 0.864 Thread 0x00000000009be000 Exception <a 'sun/nio/fs/WindowsException'> (0x00000000d649e1b8) thrown at [D:\re\puppet\workspace\8-2-build-windows-amd64-cygwin\jdk8u73\6086\hotspot\src\share\vm\prims\jni.cpp, line 709]
Event: 0.864 Thread 0x00000000009be000 Exception <a 'sun/nio/fs/WindowsException'> (0x00000000d649eb90) thrown at [D:\re\puppet\workspace\8-2-build-windows-amd64-cygwin\jdk8u73\6086\hotspot\src\share\vm\prims\jni.cpp, line 709]
Event: 0.864 Thread 0x00000000009be000 Exception <a 'sun/nio/fs/WindowsException'> (0x00000000d649f020) thrown at [D:\re\puppet\workspace\8-2-build-windows-amd64-cygwin\jdk8u73\6086\hotspot\src\share\vm\prims\jni.cpp, line 709]

Events (10 events):
Event: 0.864 loading class java/util/ArrayList$SubList
Event: 0.864 loading class java/util/ArrayList$SubList done
Event: 0.864 loading class java/util/ArrayList$SubList$1
Event: 0.864 loading class java/util/ArrayList$SubList$1 done
Event: 0.865 loading class org/lwjgl/opengl/GL$1
Event: 0.865 loading class org/lwjgl/opengl/GL$1 done
Event: 0.865 loading class org/lwjgl/opengl/GL$SharedLibraryGL
Event: 0.865 loading class org/lwjgl/opengl/GL$SharedLibraryGL done
Event: 0.865 loading class org/lwjgl/system/SharedLibrary$Delegate
Event: 0.865 loading class org/lwjgl/system/SharedLibrary$Delegate done


Dynamic libraries:
0x00007ff6953e0000 - 0x00007ff695417000 	C:\Program Files\Java\jre1.8.0_73\bin\javaw.exe
0x00007ffd6ede0000 - 0x00007ffd6efb1000 	C:\WINDOWS\SYSTEM32\ntdll.dll
0x00007ffd6dcd0000 - 0x00007ffd6dd7b000 	C:\WINDOWS\System32\KERNEL32.DLL
0x00007ffd6bf50000 - 0x00007ffd6c16d000 	C:\WINDOWS\System32\KERNELBASE.dll
0x00007ffd6ec70000 - 0x00007ffd6ed12000 	C:\WINDOWS\System32\ADVAPI32.dll
0x00007ffd6e630000 - 0x00007ffd6e6ce000 	C:\WINDOWS\System32\msvcrt.dll
0x00007ffd6ea20000 - 0x00007ffd6ea79000 	C:\WINDOWS\System32\sechost.dll
0x00007ffd6e420000 - 0x00007ffd6e541000 	C:\WINDOWS\System32\RPCRT4.dll
0x00007ffd6e870000 - 0x00007ffd6e9d5000 	C:\WINDOWS\System32\USER32.dll
0x00007ffd6bf30000 - 0x00007ffd6bf4e000 	C:\WINDOWS\System32\win32u.dll
0x00007ffd6ec20000 - 0x00007ffd6ec54000 	C:\WINDOWS\System32\GDI32.dll
0x00007ffd6b3e0000 - 0x00007ffd6b562000 	C:\WINDOWS\System32\gdi32full.dll
0x00007ffd5cfd0000 - 0x00007ffd5d24a000 	C:\WINDOWS\WinSxS\amd64_microsoft.windows.common-controls_6595b64144ccf1df_6.0.14393.953_none_42151e83c686086b\COMCTL32.dll
0x00007ffd6c370000 - 0x00007ffd6c638000 	C:\WINDOWS\System32\combase.dll
0x00007ffd6c270000 - 0x00007ffd6c365000 	C:\WINDOWS\System32\ucrtbase.dll
0x00007ffd6bec0000 - 0x00007ffd6bf2a000 	C:\WINDOWS\System32\bcryptPrimitives.dll
0x00007ffd6e9e0000 - 0x00007ffd6ea0e000 	C:\WINDOWS\System32\IMM32.DLL
0x00000000644c0000 - 0x0000000064592000 	C:\Program Files\Java\jre1.8.0_73\bin\msvcr100.dll
0x0000000064b40000 - 0x00000000653d0000 	C:\Program Files\Java\jre1.8.0_73\bin\server\jvm.dll
0x00007ffd6ec60000 - 0x00007ffd6ec68000 	C:\WINDOWS\System32\PSAPI.DLL
0x00007ffd696c0000 - 0x00007ffd696e3000 	C:\WINDOWS\SYSTEM32\WINMM.dll
0x00007ffd624f0000 - 0x00007ffd624f9000 	C:\WINDOWS\SYSTEM32\WSOCK32.dll
0x00007ffd67e40000 - 0x00007ffd67e4a000 	C:\WINDOWS\SYSTEM32\VERSION.dll
0x00007ffd69690000 - 0x00007ffd696bb000 	C:\WINDOWS\SYSTEM32\WINMMBASE.dll
0x00007ffd6c640000 - 0x00007ffd6c6aa000 	C:\WINDOWS\System32\WS2_32.dll
0x00007ffd6c220000 - 0x00007ffd6c262000 	C:\WINDOWS\System32\cfgmgr32.dll
0x0000000064a50000 - 0x0000000064a5f000 	C:\Program Files\Java\jre1.8.0_73\bin\verify.dll
0x0000000064a20000 - 0x0000000064a49000 	C:\Program Files\Java\jre1.8.0_73\bin\java.dll
0x0000000064a00000 - 0x0000000064a16000 	C:\Program Files\Java\jre1.8.0_73\bin\zip.dll
0x00007ffd6c7c0000 - 0x00007ffd6dcc8000 	C:\WINDOWS\System32\SHELL32.dll
0x00007ffd6b570000 - 0x00007ffd6bc4a000 	C:\WINDOWS\System32\windows.storage.dll
0x00007ffd6b280000 - 0x00007ffd6b2cc000 	C:\WINDOWS\System32\powrprof.dll
0x00007ffd6e5b0000 - 0x00007ffd6e602000 	C:\WINDOWS\System32\shlwapi.dll
0x00007ffd6b250000 - 0x00007ffd6b25f000 	C:\WINDOWS\System32\kernel.appcore.dll
0x00007ffd6c170000 - 0x00007ffd6c219000 	C:\WINDOWS\System32\shcore.dll
0x00007ffd6b260000 - 0x00007ffd6b274000 	C:\WINDOWS\System32\profapi.dll
0x00000000649e0000 - 0x00000000649fa000 	C:\Program Files\Java\jre1.8.0_73\bin\net.dll
0x00007ffd6ab10000 - 0x00007ffd6ab6c000 	C:\WINDOWS\system32\mswsock.dll
0x00000000649c0000 - 0x00000000649d1000 	C:\Program Files\Java\jre1.8.0_73\bin\nio.dll
0x00007ffd55e70000 - 0x00007ffd55ec8000 	C:\Users\jpeterson\AppData\Local\Temp\lwjgljpeterson\3.1.2-build-13\lwjgl.dll
0x00007ffd6acd0000 - 0x00007ffd6acdb000 	C:\WINDOWS\SYSTEM32\CRYPTBASE.DLL
0x00007ffd64420000 - 0x00007ffd6445e000 	C:\Users\JPETER~1\AppData\Local\Temp\lwjgljpeterson\3.1.2-build-13\jemalloc.dll
0x00007ffd57310000 - 0x00007ffd5734c000 	C:\Users\JPETER~1\AppData\Local\Temp\lwjgljpeterson\3.1.2-build-13\glfw.dll
0x00007ffd699c0000 - 0x00007ffd69a55000 	C:\WINDOWS\system32\uxtheme.dll
0x00007ffd55e30000 - 0x00007ffd55e70000 	C:\WINDOWS\SYSTEM32\dinput8.dll
0x00007ffd64410000 - 0x00007ffd6441e000 	C:\WINDOWS\SYSTEM32\xinput1_4.dll
0x00007ffd69f00000 - 0x00007ffd69f28000 	C:\WINDOWS\SYSTEM32\DEVOBJ.dll
0x00007ffd694a0000 - 0x00007ffd694c6000 	C:\WINDOWS\SYSTEM32\dwmapi.dll
0x00007ffd6a120000 - 0x00007ffd6a12c000 	C:\WINDOWS\SYSTEM32\HID.DLL
0x00007ffd6dd80000 - 0x00007ffd6e1a9000 	C:\WINDOWS\System32\SETUPAPI.DLL
0x00007ffd6b2d0000 - 0x00007ffd6b325000 	C:\WINDOWS\System32\WINTRUST.dll
0x00007ffd6b240000 - 0x00007ffd6b250000 	C:\WINDOWS\System32\MSASN1.dll
0x00007ffd6bcf0000 - 0x00007ffd6beb9000 	C:\WINDOWS\System32\CRYPT32.dll
0x00007ffd6e1b0000 - 0x00007ffd6e30a000 	C:\WINDOWS\System32\MSCTF.dll
0x00007ffd6ed20000 - 0x00007ffd6eddf000 	C:\WINDOWS\System32\OLEAUT32.dll
0x00007ffd6bc50000 - 0x00007ffd6bcec000 	C:\WINDOWS\System32\msvcp_win.dll
0x00007ffd55320000 - 0x00007ffd55443000 	C:\WINDOWS\SYSTEM32\opengl32.dll
0x00007ffd51d20000 - 0x00007ffd51e17000 	C:\WINDOWS\SYSTEM32\DDRAW.dll
0x00007ffd5d3c0000 - 0x00007ffd5d3ed000 	C:\WINDOWS\SYSTEM32\GLU32.dll
0x00007ffd68be0000 - 0x00007ffd68be8000 	C:\WINDOWS\SYSTEM32\DCIMAN32.dll
0x00007ffd5dc40000 - 0x00007ffd5dc5f000 	C:\WINDOWS\System32\DriverStore\FileRepository\c0309377.inf_amd64_7ab08912e1e1da0a\atig6pxx.dll
0x0000000061d40000 - 0x0000000063dc7000 	C:\WINDOWS\System32\DriverStore\FileRepository\c0309377.inf_amd64_7ab08912e1e1da0a\atio6axx.dll
0x00007ffd47b50000 - 0x00007ffd47ca1000 	C:\WINDOWS\SYSTEM32\atiadlxx.dll
0x00007ffd6ea80000 - 0x00007ffd6ebb7000 	C:\WINDOWS\System32\ole32.dll
0x00007ffd68e70000 - 0x00007ffd68ff5000 	C:\WINDOWS\SYSTEM32\PROPSYS.dll
0x00007ffd68d70000 - 0x00007ffd68d83000 	C:\WINDOWS\SYSTEM32\WTSAPI32.dll
0x00007ffd6a990000 - 0x00007ffd6a9af000 	C:\WINDOWS\SYSTEM32\USERENV.dll
0x00007ffd6a890000 - 0x00007ffd6a8c8000 	C:\WINDOWS\SYSTEM32\IPHLPAPI.DLL
0x00007ffd591b0000 - 0x00007ffd591e3000 	C:\WINDOWS\System32\DriverStore\FileRepository\c0309377.inf_amd64_7ab08912e1e1da0a\atig6txx.dll
0x00007ffd55dd0000 - 0x00007ffd55e2f000 	C:\Users\jpeterson\AppData\Local\Temp\lwjgljpeterson\3.1.2-build-13\lwjgl_opengl.dll
0x00007ffd62940000 - 0x00007ffd62ad2000 	C:\WINDOWS\SYSTEM32\dbghelp.dll

VM Arguments:
jvm_args: -Dfile.encoding=Cp1252 
java_command: test.TestApplication
java_class_path (initial): C:\PC Data\Eclipse Workspace\workspace\Engine\bin;C:\PC Data\Eclipse Workspace\workspace\Engine\lib\joml-1.9.2.jar;C:\PC Data\Eclipse Workspace\workspace\Engine\lib\lwjgl-glfw.jar;C:\PC Data\Eclipse Workspace\workspace\Engine\lib\lwjgl-jemalloc.jar;C:\PC Data\Eclipse Workspace\workspace\Engine\lib\lwjgl-nanovg.jar;C:\PC Data\Eclipse Workspace\workspace\Engine\lib\lwjgl-nfd.jar;C:\PC Data\Eclipse Workspace\workspace\Engine\lib\lwjgl-openal.jar;C:\PC Data\Eclipse Workspace\workspace\Engine\lib\lwjgl-opengl.jar;C:\PC Data\Eclipse Workspace\workspace\Engine\lib\lwjgl-stb.jar;C:\PC Data\Eclipse Workspace\workspace\Engine\lib\lwjgl.jar;C:\PC Data\Eclipse Workspace\workspace\Engine\lib\lwjgl-stb-natives-linux.jar;C:\PC Data\Eclipse Workspace\workspace\Engine\lib\lwjgl-stb-natives-macos.jar;C:\PC Data\Eclipse Workspace\workspace\Engine\lib\lwjgl-stb-natives-windows.jar;C:\PC Data\Eclipse Workspace\workspace\Engine\lib\lwjgl-opengl-natives-linux.jar;C:\PC Data\Eclipse Workspace\workspace\Engine\lib\lwjgl-opengl-natives-macos.jar;C:\PC Data\Eclipse Workspace\workspace\Engine\lib\lwjgl-opengl-natives-windows.jar;C:\PC Data\Eclipse Workspace\workspace\Engine\lib\lwjgl-glfw-natives-linux.jar;C:\PC Data\Eclipse Workspace\workspace\Engine\lib\lwjgl-glfw-natives-macos.jar;C:\PC Data\Eclipse Workspace\workspace\Engine\lib\lwjgl-glfw-natives-windows.jar;C:\PC Data\Eclipse Workspace\workspace\Engine\lib\lwjgl-jemalloc-natives-linux.jar;C:\PC Data\Eclipse Workspace\workspace\Engine\lib\lwjgl-jemalloc-natives-macos.jar;C:\PC Data\Eclipse Workspace\workspace\Engine\lib\lwjgl-jemalloc-natives-windows.jar;C:\PC Data\Eclipse Workspace\workspace\Engine\lib\lwjgl-nanovg-natives-linux.jar;C:\PC Data\Eclipse Workspace\workspace\Engine\lib\lwjgl-nanovg-natives-macos.jar;C:\PC Data\Eclipse Workspace\workspace\Engine\lib\lwjgl-nanovg-natives-windows.jar;C:\PC Data\Eclipse Workspace\workspace\Engine\lib\lwjgl-natives-linux.jar;C:\PC Data\Eclipse Workspace\workspace\Engi
Launcher Type: SUN_STANDARD

Environment Variables:
JAVA_HOME=C:\Progra~1\Java\jdk1.8.0_73
PATH=C:/Program Files/Java/jre1.8.0_73/bin/server;C:/Program Files/Java/jre1.8.0_73/bin;C:/Program Files/Java/jre1.8.0_73/lib/amd64;C:\OCaml\bin;C:\Program Files (x86)\Razer Chroma SDK\bin;C:\Program Files\Razer Chroma SDK\bin;C:\Progra~1\Java\jdk1.8.0_73\bin;C:\WINDOWS\system32;C:\WINDOWS;C:\WINDOWS\System32\Wbem;C:\WINDOWS\System32\WindowsPowerShell\v1.0\;C:\Program Files (x86)\ATI Technologies\ATI.ACE\Core-Static;C:\Program Files (x86)\Common Files\lenovo\easyplussdk\bin;C:\WINDOWS\system32;C:\WINDOWS;C:\WINDOWS\System32\Wbem;C:\WINDOWS\System32\WindowsPowerShell\v1.0\;C:\Program Files\MATLAB\R2016a\bin;C:\Program Files\Git\cmd;C:\Users\jpeterson\AppData\Local\Microsoft\WindowsApps;C:\cygwin64\bin;C:\Progra~1\Java\jdk1.8.0_73;C:\Users\jpeterson\Desktop;
USERNAME=jpeterson
OS=Windows_NT
PROCESSOR_IDENTIFIER=AMD64 Family 21 Model 48 Stepping 1, AuthenticAMD



---------------  S Y S T E M  ---------------

OS: Windows 10.0 , 64 bit Build 14393 (10.0.14393.0)

CPU:total 4 (4 cores per cpu, 1 threads per core) family 21 model 48 stepping 1, cmov, cx8, fxsr, mmx, sse, sse2, sse3, ssse3, sse4.1, sse4.2, popcnt, avx, aes, clmul, mmxext, 3dnowpref, lzcnt, sse4a, tsc, tscinvbit, tscinv, bmi1

Memory: 4k page, physical 8310628k(3489264k free), swap 11063140k(2638036k free)

vm_info: Java HotSpot(TM) 64-Bit Server VM (25.73-b02) for windows-amd64 JRE (1.8.0_73-b02), built on Jan 29 2016 17:38:49 by "java_re" with MS VC++ 10.0 (VS2010)

time: Sat Apr 22 00:57:16 2017
elapsed time: 0 seconds (0d 0h 0m 0s)

